kotlin version: 2.0.0
error message: org.jetbrains.kotlin.backend.common.BackendException: Backend Internal error: Exception during IR lowering
File being compiled: /Users/ani/AndroidStudioProjects/VoyatekAssessment/app/src/main/java/com/anietie/voyatekassessment/presentation/theme/Color.kt
The root cause java.lang.IllegalStateException was thrown at: org.jetbrains.kotlin.backend.jvm.codegen.ClassCodegen.<init>(ClassCodegen.kt:117)
	at org.jetbrains.kotlin.backend.common.CodegenUtil.reportBackendException(CodegenUtil.kt:253)
	at org.jetbrains.kotlin.backend.common.CodegenUtil.reportBackendException$default(CodegenUtil.kt:236)
	at org.jetbrains.kotlin.backend.common.phaser.PerformByIrFilePhase.invokeSequential(performByIrFile.kt:65)
	at org.jetbrains.kotlin.backend.common.phaser.PerformByIrFilePhase.invoke(performByIrFile.kt:52)
	at org.jetbrains.kotlin.backend.common.phaser.PerformByIrFilePhase.invoke(performByIrFile.kt:38)
	at org.jetbrains.kotlin.backend.common.phaser.NamedCompilerPhase.phaseBody(CompilerPhase.kt:166)
	at org.jetbrains.kotlin.backend.common.phaser.AbstractNamedCompilerPhase.invoke(CompilerPhase.kt:113)
	at org.jetbrains.kotlin.backend.common.phaser.CompositePhase.invoke(PhaseBuilders.kt:29)
	at org.jetbrains.kotlin.backend.common.phaser.CompositePhase.invoke(PhaseBuilders.kt:16)
	at org.jetbrains.kotlin.backend.common.phaser.NamedCompilerPhase.phaseBody(CompilerPhase.kt:166)
	at org.jetbrains.kotlin.backend.common.phaser.AbstractNamedCompilerPhase.invoke(CompilerPhase.kt:113)
	at org.jetbrains.kotlin.backend.common.phaser.CompilerPhaseKt.invokeToplevel(CompilerPhase.kt:62)
	at org.jetbrains.kotlin.backend.jvm.JvmIrCodegenFactory.invokeCodegen(JvmIrCodegenFactory.kt:371)
	at org.jetbrains.kotlin.codegen.CodegenFactory.generateModule(CodegenFactory.kt:47)
	at org.jetbrains.kotlin.backend.jvm.JvmIrCodegenFactory.generateModuleInFrontendIRMode(JvmIrCodegenFactory.kt:433)
	at org.jetbrains.kotlin.cli.jvm.compiler.pipeline.JvmCompilerPipelineKt.generateCodeFromIr(jvmCompilerPipeline.kt:241)
	at org.jetbrains.kotlin.cli.jvm.compiler.pipeline.JvmCompilerPipelineKt.compileModulesUsingFrontendIrAndLightTree(jvmCompilerPipeline.kt:140)
	at org.jetbrains.kotlin.cli.jvm.K2JVMCompiler.doExecute(K2JVMCompiler.kt:155)
	at org.jetbrains.kotlin.cli.jvm.K2JVMCompiler.doExecute(K2JVMCompiler.kt:50)
	at org.jetbrains.kotlin.cli.common.CLICompiler.execImpl(CLICompiler.kt:104)
	at org.jetbrains.kotlin.cli.common.CLICompiler.execImpl(CLICompiler.kt:48)
	at org.jetbrains.kotlin.cli.common.CLITool.exec(CLITool.kt:101)
	at org.jetbrains.kotlin.incremental.IncrementalJvmCompilerRunner.runCompiler(IncrementalJvmCompilerRunner.kt:453)
	at org.jetbrains.kotlin.incremental.IncrementalJvmCompilerRunner.runCompiler(IncrementalJvmCompilerRunner.kt:62)
	at org.jetbrains.kotlin.incremental.IncrementalCompilerRunner.doCompile(IncrementalCompilerRunner.kt:506)
	at org.jetbrains.kotlin.incremental.IncrementalCompilerRunner.compileImpl(IncrementalCompilerRunner.kt:423)
	at org.jetbrains.kotlin.incremental.IncrementalCompilerRunner.compileNonIncrementally(IncrementalCompilerRunner.kt:301)
	at org.jetbrains.kotlin.incremental.IncrementalCompilerRunner.compile(IncrementalCompilerRunner.kt:129)
	at org.jetbrains.kotlin.daemon.CompileServiceImplBase.execIncrementalCompiler(CompileServiceImpl.kt:676)
	at org.jetbrains.kotlin.daemon.CompileServiceImplBase.access$execIncrementalCompiler(CompileServiceImpl.kt:92)
	at org.jetbrains.kotlin.daemon.CompileServiceImpl.compile(CompileServiceImpl.kt:1661)
	at java.base/jdk.internal.reflect.DirectMethodHandleAccessor.invoke(Unknown Source)
	at java.base/java.lang.reflect.Method.invoke(Unknown Source)
	at java.rmi/sun.rmi.server.UnicastServerRef.dispatch(Unknown Source)
	at java.rmi/sun.rmi.transport.Transport$1.run(Unknown Source)
	at java.rmi/sun.rmi.transport.Transport$1.run(Unknown Source)
	at java.base/java.security.AccessController.doPrivileged(Unknown Source)
	at java.rmi/sun.rmi.transport.Transport.serviceCall(Unknown Source)
	at java.rmi/sun.rmi.transport.tcp.TCPTransport.handleMessages(Unknown Source)
	at java.rmi/sun.rmi.transport.tcp.TCPTransport$ConnectionHandler.run0(Unknown Source)
	at java.rmi/sun.rmi.transport.tcp.TCPTransport$ConnectionHandler.lambda$run$0(Unknown Source)
	at java.base/java.security.AccessController.doPrivileged(Unknown Source)
	at java.rmi/sun.rmi.transport.tcp.TCPTransport$ConnectionHandler.run(Unknown Source)
	at java.base/java.util.concurrent.ThreadPoolExecutor.runWorker(Unknown Source)
	at java.base/java.util.concurrent.ThreadPoolExecutor$Worker.run(Unknown Source)
	at java.base/java.lang.Thread.run(Unknown Source)
Caused by: java.lang.IllegalStateException: Generating class with invalid name 'com.anietie.voyatekassessment.[presentation].theme.ColorKt': CLASS FILE_CLASS CLASS name:ColorKt modality:FINAL visibility:public superTypes:[kotlin.Any]
  $this: VALUE_PARAMETER INSTANCE_RECEIVER name:<this> type:com.anietie.voyatekassessment.[presentation].theme.ColorKt
  FIELD PROPERTY_BACKING_FIELD name:Purple80 type:androidx.compose.ui.graphics.Color visibility:private [final,static]
  FUN DEFAULT_PROPERTY_ACCESSOR name:<get-Purple80> visibility:public modality:FINAL <> () returnType:androidx.compose.ui.graphics.Color
    correspondingProperty: PROPERTY name:Purple80 visibility:public modality:FINAL [val]
    BLOCK_BODY
      RETURN type=kotlin.Nothing from='public final fun <get-Purple80> (): androidx.compose.ui.graphics.Color declared in com.anietie.voyatekassessment.[presentation].theme.ColorKt'
        GET_FIELD 'FIELD PROPERTY_BACKING_FIELD name:Purple80 type:androidx.compose.ui.graphics.Color visibility:private [final,static]' type=androidx.compose.ui.graphics.Color origin=null
  FIELD PROPERTY_BACKING_FIELD name:PurpleGrey80 type:androidx.compose.ui.graphics.Color visibility:private [final,static]
  FUN DEFAULT_PROPERTY_ACCESSOR name:<get-PurpleGrey80> visibility:public modality:FINAL <> () returnType:androidx.compose.ui.graphics.Color
    correspondingProperty: PROPERTY name:PurpleGrey80 visibility:public modality:FINAL [val]
    BLOCK_BODY
      RETURN type=kotlin.Nothing from='public final fun <get-PurpleGrey80> (): androidx.compose.ui.graphics.Color declared in com.anietie.voyatekassessment.[presentation].theme.ColorKt'
        GET_FIELD 'FIELD PROPERTY_BACKING_FIELD name:PurpleGrey80 type:androidx.compose.ui.graphics.Color visibility:private [final,static]' type=androidx.compose.ui.graphics.Color origin=null
  FIELD PROPERTY_BACKING_FIELD name:Pink80 type:androidx.compose.ui.graphics.Color visibility:private [final,static]
  FUN DEFAULT_PROPERTY_ACCESSOR name:<get-Pink80> visibility:public modality:FINAL <> () returnType:androidx.compose.ui.graphics.Color
    correspondingProperty: PROPERTY name:Pink80 visibility:public modality:FINAL [val]
    BLOCK_BODY
      RETURN type=kotlin.Nothing from='public final fun <get-Pink80> (): androidx.compose.ui.graphics.Color declared in com.anietie.voyatekassessment.[presentation].theme.ColorKt'
        GET_FIELD 'FIELD PROPERTY_BACKING_FIELD name:Pink80 type:androidx.compose.ui.graphics.Color visibility:private [final,static]' type=androidx.compose.ui.graphics.Color origin=null
  FIELD PROPERTY_BACKING_FIELD name:Purple40 type:androidx.compose.ui.graphics.Color visibility:private [final,static]
  FUN DEFAULT_PROPERTY_ACCESSOR name:<get-Purple40> visibility:public modality:FINAL <> () returnType:androidx.compose.ui.graphics.Color
    correspondingProperty: PROPERTY name:Purple40 visibility:public modality:FINAL [val]
    BLOCK_BODY
      RETURN type=kotlin.Nothing from='public final fun <get-Purple40> (): androidx.compose.ui.graphics.Color declared in com.anietie.voyatekassessment.[presentation].theme.ColorKt'
        GET_FIELD 'FIELD PROPERTY_BACKING_FIELD name:Purple40 type:androidx.compose.ui.graphics.Color visibility:private [final,static]' type=androidx.compose.ui.graphics.Color origin=null
  FIELD PROPERTY_BACKING_FIELD name:PurpleGrey40 type:androidx.compose.ui.graphics.Color visibility:private [final,static]
  FUN DEFAULT_PROPERTY_ACCESSOR name:<get-PurpleGrey40> visibility:public modality:FINAL <> () returnType:androidx.compose.ui.graphics.Color
    correspondingProperty: PROPERTY name:PurpleGrey40 visibility:public modality:FINAL [val]
    BLOCK_BODY
      RETURN type=kotlin.Nothing from='public final fun <get-PurpleGrey40> (): androidx.compose.ui.graphics.Color declared in com.anietie.voyatekassessment.[presentation].theme.ColorKt'
        GET_FIELD 'FIELD PROPERTY_BACKING_FIELD name:PurpleGrey40 type:androidx.compose.ui.graphics.Color visibility:private [final,static]' type=androidx.compose.ui.graphics.Color origin=null
  FIELD PROPERTY_BACKING_FIELD name:Pink40 type:androidx.compose.ui.graphics.Color visibility:private [final,static]
  FUN DEFAULT_PROPERTY_ACCESSOR name:<get-Pink40> visibility:public modality:FINAL <> () returnType:androidx.compose.ui.graphics.Color
    correspondingProperty: PROPERTY name:Pink40 visibility:public modality:FINAL [val]
    BLOCK_BODY
      RETURN type=kotlin.Nothing from='public final fun <get-Pink40> (): androidx.compose.ui.graphics.Color declared in com.anietie.voyatekassessment.[presentation].theme.ColorKt'
        GET_FIELD 'FIELD PROPERTY_BACKING_FIELD name:Pink40 type:androidx.compose.ui.graphics.Color visibility:private [final,static]' type=androidx.compose.ui.graphics.Color origin=null
  FUN CLASS_STATIC_INITIALIZER name:<clinit> visibility:public/*package*/ modality:FINAL <> () returnType:kotlin.Unit
    BLOCK_BODY
      SET_FIELD 'FIELD PROPERTY_BACKING_FIELD name:Purple80 type:androidx.compose.ui.graphics.Color visibility:private [final,static]' type=kotlin.Unit origin=INITIALIZE_FIELD
        value: CALL 'public final fun Color (color: kotlin.Long): androidx.compose.ui.graphics.Color declared in androidx.compose.ui.graphics.ColorKt' type=androidx.compose.ui.graphics.Color origin=null
          color: CONST Long type=kotlin.Long value=4291869951
      SET_FIELD 'FIELD PROPERTY_BACKING_FIELD name:PurpleGrey80 type:androidx.compose.ui.graphics.Color visibility:private [final,static]' type=kotlin.Unit origin=INITIALIZE_FIELD
        value: CALL 'public final fun Color (color: kotlin.Long): androidx.compose.ui.graphics.Color declared in androidx.compose.ui.graphics.ColorKt' type=androidx.compose.ui.graphics.Color origin=null
          color: CONST Long type=kotlin.Long value=4291609308
      SET_FIELD 'FIELD PROPERTY_BACKING_FIELD name:Pink80 type:androidx.compose.ui.graphics.Color visibility:private [final,static]' type=kotlin.Unit origin=INITIALIZE_FIELD
        value: CALL 'public final fun Color (color: kotlin.Long): androidx.compose.ui.graphics.Color declared in androidx.compose.ui.graphics.ColorKt' type=androidx.compose.ui.graphics.Color origin=null
          color: CONST Long type=kotlin.Long value=4293900488
      SET_FIELD 'FIELD PROPERTY_BACKING_FIELD name:Purple40 type:androidx.compose.ui.graphics.Color visibility:private [final,static]' type=kotlin.Unit origin=INITIALIZE_FIELD
        value: CALL 'public final fun Color (color: kotlin.Long): androidx.compose.ui.graphics.Color declared in androidx.compose.ui.graphics.ColorKt' type=androidx.compose.ui.graphics.Color origin=null
          color: CONST Long type=kotlin.Long value=4284895396
      SET_FIELD 'FIELD PROPERTY_BACKING_FIELD name:PurpleGrey40 type:androidx.compose.ui.graphics.Color visibility:private [final,static]' type=kotlin.Unit origin=INITIALIZE_FIELD
        value: CALL 'public final fun Color (color: kotlin.Long): androidx.compose.ui.graphics.Color declared in androidx.compose.ui.graphics.ColorKt' type=androidx.compose.ui.graphics.Color origin=null
          color: CONST Long type=kotlin.Long value=4284636017
      SET_FIELD 'FIELD PROPERTY_BACKING_FIELD name:Pink40 type:androidx.compose.ui.graphics.Color visibility:private [final,static]' type=kotlin.Unit origin=INITIALIZE_FIELD
        value: CALL 'public final fun Color (color: kotlin.Long): androidx.compose.ui.graphics.Color declared in androidx.compose.ui.graphics.ColorKt' type=androidx.compose.ui.graphics.Color origin=null
          color: CONST Long type=kotlin.Long value=4286403168

	at org.jetbrains.kotlin.backend.jvm.codegen.ClassCodegen.<init>(ClassCodegen.kt:117)
	at org.jetbrains.kotlin.backend.jvm.codegen.ClassCodegen.<init>(ClassCodegen.kt)
	at org.jetbrains.kotlin.backend.jvm.codegen.ClassCodegen$Companion.getOrCreate$lambda$1(ClassCodegen.kt:544)
	at org.jetbrains.kotlin.backend.jvm.JvmBackendContext.getOrCreateClassCodegen$lambda$0(JvmBackendContext.kt:147)
	at java.base/java.util.concurrent.ConcurrentHashMap.computeIfAbsent(Unknown Source)
	at org.jetbrains.kotlin.backend.jvm.JvmBackendContext.getOrCreateClassCodegen(JvmBackendContext.kt:147)
	at org.jetbrains.kotlin.backend.jvm.codegen.ClassCodegen$Companion.getOrCreate(ClassCodegen.kt:544)
	at org.jetbrains.kotlin.backend.jvm.codegen.ClassCodegen$Companion.getOrCreate$default(ClassCodegen.kt:530)
	at org.jetbrains.kotlin.backend.jvm.FileCodegen.lower(JvmPhases.kt:41)
	at org.jetbrains.kotlin.backend.common.phaser.PhaseBuildersKt.makeIrFilePhase$lambda$5(PhaseBuilders.kt:114)
	at org.jetbrains.kotlin.backend.common.phaser.PhaseBuildersKt$createSimpleNamedCompilerPhase$1.phaseBody(PhaseBuilders.kt:71)
	at org.jetbrains.kotlin.backend.common.phaser.SimpleNamedCompilerPhase.phaseBody(CompilerPhase.kt:226)
	at org.jetbrains.kotlin.backend.common.phaser.AbstractNamedCompilerPhase.invoke(CompilerPhase.kt:113)
	at org.jetbrains.kotlin.backend.common.phaser.PerformByIrFilePhase.invokeSequential(performByIrFile.kt:62)
	... 43 more


